[INFO ] [2021-01-25 20:26] p.k.Controller [JavaFX Application Thread] - Loading easy mode
[INFO ] [2021-01-25 20:26] p.k.Controller [JavaFX Application Thread] - OpenApplication
[INFO ] [2021-01-25 20:26] p.k.Controller [JavaFX Application Thread] - GameSaved
[INFO ] [2021-01-25 20:26] p.k.Controller [JavaFX Application Thread] - OpenApplication
[INFO ] [2021-01-25 20:26] p.k.Controller [JavaFX Application Thread] - GameLoaded
[INFO ] [2021-01-25 20:28] p.k.Controller [JavaFX Application Thread] - Loading easy mode
[INFO ] [2021-01-25 21:28] p.k.Controller [JavaFX Application Thread] - Loading easy mode
[INFO ] [2021-01-25 21:28] p.k.Controller [JavaFX Application Thread] - OpenApplication
[INFO ] [2021-01-25 21:28] p.k.Controller [JavaFX Application Thread] - GameSaved
[INFO ] [2021-01-25 21:28] p.k.Controller [JavaFX Application Thread] - OpenApplication
[INFO ] [2021-01-25 21:28] p.k.Controller [JavaFX Application Thread] - GameLoaded
[INFO ] [2021-01-25 21:45] p.k.Controller [JavaFX Application Thread] - Loading easy mode
[INFO ] [2021-01-25 21:45] p.k.Controller [JavaFX Application Thread] - Loading normal mode
[INFO ] [2021-01-25 22:29] p.k.Controller [JavaFX Application Thread] - Loading easy mode
[INFO ] [2021-01-25 22:29] p.k.Controller [JavaFX Application Thread] - Loading normal mode
[INFO ] [2021-01-25 22:29] p.k.Controller [JavaFX Application Thread] - Loading hard mode
[INFO ] [2021-01-25 22:31] p.k.Controller [JavaFX Application Thread] - Loading easy mode
[INFO ] [2021-01-25 22:31] p.k.Controller [JavaFX Application Thread] - Loading normal mode
[INFO ] [2021-01-25 22:31] p.k.Controller [JavaFX Application Thread] - Loading hard mode
[INFO ] [2021-01-25 22:31] p.k.Controller [JavaFX Application Thread] - SetEnglishLanguage
[INFO ] [2021-01-25 22:31] p.k.Controller [JavaFX Application Thread] - SetPolishLanguage
[INFO ] [2021-01-25 22:31] p.k.Controller [JavaFX Application Thread] - SetEnglishLanguage
